<?xml version="1.0" encoding="UTF-8"?>
<testng-results ignored="0" total="1" passed="0" failed="0" skipped="1">
  <reporter-output>
  </reporter-output>
  <suite started-at="2018-11-08T11:27:26 CET" name="Suite" finished-at="2018-11-08T11:27:27 CET" duration-ms="392">
    <groups>
    </groups>
    <test started-at="2018-11-08T11:27:26 CET" name="Test" finished-at="2018-11-08T11:27:27 CET" duration-ms="392">
      <class name="NewTest">
        <test-method is-config="true" signature="beforeTest()[pri:0, instance:NewTest@587d1d39]" started-at="2018-11-08T11:27:26 CET" name="beforeTest" finished-at="2018-11-08T11:27:27 CET" duration-ms="371" status="FAIL">
          <exception class="org.openqa.selenium.remote.UnreachableBrowserException">
            <message>
              <![CDATA[Could not start a new session. Possible causes are invalid address of the remote server or browser start-up failure.
Build info: version: '3.141.5', revision: 'd54ebd709a', time: '2018-11-06T11:42:16'
System info: host: 'bb-Precision-7530', ip: '127.0.1.1', os.name: 'Linux', os.arch: 'amd64', os.version: '4.15.0-38-generic', java.version: '11'
Driver info: driver.version: RemoteWebDriver]]>
            </message>
            <full-stacktrace>
              <![CDATA[org.openqa.selenium.remote.UnreachableBrowserException: Could not start a new session. Possible causes are invalid address of the remote server or browser start-up failure.
Build info: version: '3.141.5', revision: 'd54ebd709a', time: '2018-11-06T11:42:16'
System info: host: 'bb-Precision-7530', ip: '127.0.1.1', os.name: 'Linux', os.arch: 'amd64', os.version: '4.15.0-38-generic', java.version: '11'
Driver info: driver.version: RemoteWebDriver
at org.openqa.selenium.remote.RemoteWebDriver.execute(RemoteWebDriver.java:573)
at org.openqa.selenium.remote.RemoteWebDriver.startSession(RemoteWebDriver.java:213)
at org.openqa.selenium.remote.RemoteWebDriver.<init>(RemoteWebDriver.java:131)
at org.openqa.selenium.remote.RemoteWebDriver.<init>(RemoteWebDriver.java:144)
at NewTest.beforeTest(NewTest.java:40)
at java.base/jdk.internal.reflect.NativeMethodAccessorImpl.invoke0(Native Method)
at java.base/jdk.internal.reflect.NativeMethodAccessorImpl.invoke(NativeMethodAccessorImpl.java:62)
at java.base/jdk.internal.reflect.DelegatingMethodAccessorImpl.invoke(DelegatingMethodAccessorImpl.java:43)
at java.base/java.lang.reflect.Method.invoke(Method.java:566)
at org.testng.internal.MethodInvocationHelper.invokeMethod(MethodInvocationHelper.java:131)
at org.testng.internal.MethodInvocationHelper.invokeMethodConsideringTimeout(MethodInvocationHelper.java:61)
at org.testng.internal.Invoker.invokeConfigurationMethod(Invoker.java:511)
at org.testng.internal.Invoker.invokeConfigurations(Invoker.java:241)
at org.testng.internal.Invoker.invokeConfigurations(Invoker.java:144)
at org.testng.TestRunner.beforeRun(TestRunner.java:612)
at org.testng.TestRunner.run(TestRunner.java:582)
at org.testng.SuiteRunner.runTest(SuiteRunner.java:398)
at org.testng.SuiteRunner.runSequentially(SuiteRunner.java:392)
at org.testng.SuiteRunner.privateRun(SuiteRunner.java:354)
at org.testng.SuiteRunner.run(SuiteRunner.java:302)
at org.testng.SuiteRunnerWorker.runSuite(SuiteRunnerWorker.java:53)
at org.testng.SuiteRunnerWorker.run(SuiteRunnerWorker.java:96)
at org.testng.TestNG.runSuitesSequentially(TestNG.java:1145)
at org.testng.TestNG.runSuitesLocally(TestNG.java:1067)
at org.testng.TestNG.runSuites(TestNG.java:997)
at org.testng.TestNG.run(TestNG.java:965)
at org.testng.IDEARemoteTestNG.run(IDEARemoteTestNG.java:72)
at org.testng.RemoteTestNGStarter.main(RemoteTestNGStarter.java:123)
Caused by: java.net.UnknownHostException: seleniumhub: Name or service not known
at java.base/java.net.Inet6AddressImpl.lookupAllHostAddr(Native Method)
at java.base/java.net.InetAddress$PlatformNameService.lookupAllHostAddr(InetAddress.java:928)
at java.base/java.net.InetAddress.getAddressesFromNameService(InetAddress.java:1514)
at java.base/java.net.InetAddress$NameServiceAddresses.get(InetAddress.java:847)
at java.base/java.net.InetAddress.getAllByName0(InetAddress.java:1504)
at java.base/java.net.InetAddress.getAllByName(InetAddress.java:1363)
at java.base/java.net.InetAddress.getAllByName(InetAddress.java:1297)
at okhttp3.Dns$1.lookup(Dns.java:40)
at okhttp3.internal.connection.RouteSelector.resetNextInetSocketAddress(RouteSelector.java:185)
at okhttp3.internal.connection.RouteSelector.nextProxy(RouteSelector.java:149)
at okhttp3.internal.connection.RouteSelector.next(RouteSelector.java:84)
at okhttp3.internal.connection.StreamAllocation.findConnection(StreamAllocation.java:214)
at okhttp3.internal.connection.StreamAllocation.findHealthyConnection(StreamAllocation.java:135)
at okhttp3.internal.connection.StreamAllocation.newStream(StreamAllocation.java:114)
at okhttp3.internal.connection.ConnectInterceptor.intercept(ConnectInterceptor.java:42)
at okhttp3.internal.http.RealInterceptorChain.proceed(RealInterceptorChain.java:147)
at okhttp3.internal.http.RealInterceptorChain.proceed(RealInterceptorChain.java:121)
at okhttp3.internal.cache.CacheInterceptor.intercept(CacheInterceptor.java:93)
at okhttp3.internal.http.RealInterceptorChain.proceed(RealInterceptorChain.java:147)
at okhttp3.internal.http.RealInterceptorChain.proceed(RealInterceptorChain.java:121)
at okhttp3.internal.http.BridgeInterceptor.intercept(BridgeInterceptor.java:93)
at okhttp3.internal.http.RealInterceptorChain.proceed(RealInterceptorChain.java:147)
at okhttp3.internal.http.RetryAndFollowUpInterceptor.intercept(RetryAndFollowUpInterceptor.java:126)
at okhttp3.internal.http.RealInterceptorChain.proceed(RealInterceptorChain.java:147)
at okhttp3.internal.http.RealInterceptorChain.proceed(RealInterceptorChain.java:121)
at okhttp3.RealCall.getResponseWithInterceptorChain(RealCall.java:200)
at okhttp3.RealCall.execute(RealCall.java:77)
at org.openqa.selenium.remote.internal.OkHttpClient.execute(OkHttpClient.java:103)
at org.openqa.selenium.remote.ProtocolHandshake.createSession(ProtocolHandshake.java:102)
at org.openqa.selenium.remote.ProtocolHandshake.createSession(ProtocolHandshake.java:74)
at org.openqa.selenium.remote.HttpCommandExecutor.execute(HttpCommandExecutor.java:136)
at org.openqa.selenium.remote.RemoteWebDriver.execute(RemoteWebDriver.java:552)
... 27 more
]]>
            </full-stacktrace>
          </exception> <!-- org.openqa.selenium.remote.UnreachableBrowserException -->
          <reporter-output>
          </reporter-output>
        </test-method> <!-- beforeTest -->
        <test-method signature="testEasy()[pri:0, instance:NewTest@587d1d39]" started-at="2018-11-08T11:27:27 CET" name="testEasy" finished-at="2018-11-08T11:27:27 CET" duration-ms="0" status="SKIP">
          <exception class="org.openqa.selenium.remote.UnreachableBrowserException">
            <message>
              <![CDATA[Could not start a new session. Possible causes are invalid address of the remote server or browser start-up failure.
Build info: version: '3.141.5', revision: 'd54ebd709a', time: '2018-11-06T11:42:16'
System info: host: 'bb-Precision-7530', ip: '127.0.1.1', os.name: 'Linux', os.arch: 'amd64', os.version: '4.15.0-38-generic', java.version: '11'
Driver info: driver.version: RemoteWebDriver]]>
            </message>
            <full-stacktrace>
              <![CDATA[org.openqa.selenium.remote.UnreachableBrowserException: Could not start a new session. Possible causes are invalid address of the remote server or browser start-up failure.
Build info: version: '3.141.5', revision: 'd54ebd709a', time: '2018-11-06T11:42:16'
System info: host: 'bb-Precision-7530', ip: '127.0.1.1', os.name: 'Linux', os.arch: 'amd64', os.version: '4.15.0-38-generic', java.version: '11'
Driver info: driver.version: RemoteWebDriver
at org.openqa.selenium.remote.RemoteWebDriver.execute(RemoteWebDriver.java:573)
at org.openqa.selenium.remote.RemoteWebDriver.startSession(RemoteWebDriver.java:213)
at org.openqa.selenium.remote.RemoteWebDriver.<init>(RemoteWebDriver.java:131)
at org.openqa.selenium.remote.RemoteWebDriver.<init>(RemoteWebDriver.java:144)
at NewTest.beforeTest(NewTest.java:40)
at java.base/jdk.internal.reflect.NativeMethodAccessorImpl.invoke0(Native Method)
at java.base/jdk.internal.reflect.NativeMethodAccessorImpl.invoke(NativeMethodAccessorImpl.java:62)
at java.base/jdk.internal.reflect.DelegatingMethodAccessorImpl.invoke(DelegatingMethodAccessorImpl.java:43)
at java.base/java.lang.reflect.Method.invoke(Method.java:566)
at org.testng.internal.MethodInvocationHelper.invokeMethod(MethodInvocationHelper.java:131)
at org.testng.internal.MethodInvocationHelper.invokeMethodConsideringTimeout(MethodInvocationHelper.java:61)
at org.testng.internal.Invoker.invokeConfigurationMethod(Invoker.java:511)
at org.testng.internal.Invoker.invokeConfigurations(Invoker.java:241)
at org.testng.internal.Invoker.invokeConfigurations(Invoker.java:144)
at org.testng.TestRunner.beforeRun(TestRunner.java:612)
at org.testng.TestRunner.run(TestRunner.java:582)
at org.testng.SuiteRunner.runTest(SuiteRunner.java:398)
at org.testng.SuiteRunner.runSequentially(SuiteRunner.java:392)
at org.testng.SuiteRunner.privateRun(SuiteRunner.java:354)
at org.testng.SuiteRunner.run(SuiteRunner.java:302)
at org.testng.SuiteRunnerWorker.runSuite(SuiteRunnerWorker.java:53)
at org.testng.SuiteRunnerWorker.run(SuiteRunnerWorker.java:96)
at org.testng.TestNG.runSuitesSequentially(TestNG.java:1145)
at org.testng.TestNG.runSuitesLocally(TestNG.java:1067)
at org.testng.TestNG.runSuites(TestNG.java:997)
at org.testng.TestNG.run(TestNG.java:965)
at org.testng.IDEARemoteTestNG.run(IDEARemoteTestNG.java:72)
at org.testng.RemoteTestNGStarter.main(RemoteTestNGStarter.java:123)
Caused by: java.net.UnknownHostException: seleniumhub: Name or service not known
at java.base/java.net.Inet6AddressImpl.lookupAllHostAddr(Native Method)
at java.base/java.net.InetAddress$PlatformNameService.lookupAllHostAddr(InetAddress.java:928)
at java.base/java.net.InetAddress.getAddressesFromNameService(InetAddress.java:1514)
at java.base/java.net.InetAddress$NameServiceAddresses.get(InetAddress.java:847)
at java.base/java.net.InetAddress.getAllByName0(InetAddress.java:1504)
at java.base/java.net.InetAddress.getAllByName(InetAddress.java:1363)
at java.base/java.net.InetAddress.getAllByName(InetAddress.java:1297)
at okhttp3.Dns$1.lookup(Dns.java:40)
at okhttp3.internal.connection.RouteSelector.resetNextInetSocketAddress(RouteSelector.java:185)
at okhttp3.internal.connection.RouteSelector.nextProxy(RouteSelector.java:149)
at okhttp3.internal.connection.RouteSelector.next(RouteSelector.java:84)
at okhttp3.internal.connection.StreamAllocation.findConnection(StreamAllocation.java:214)
at okhttp3.internal.connection.StreamAllocation.findHealthyConnection(StreamAllocation.java:135)
at okhttp3.internal.connection.StreamAllocation.newStream(StreamAllocation.java:114)
at okhttp3.internal.connection.ConnectInterceptor.intercept(ConnectInterceptor.java:42)
at okhttp3.internal.http.RealInterceptorChain.proceed(RealInterceptorChain.java:147)
at okhttp3.internal.http.RealInterceptorChain.proceed(RealInterceptorChain.java:121)
at okhttp3.internal.cache.CacheInterceptor.intercept(CacheInterceptor.java:93)
at okhttp3.internal.http.RealInterceptorChain.proceed(RealInterceptorChain.java:147)
at okhttp3.internal.http.RealInterceptorChain.proceed(RealInterceptorChain.java:121)
at okhttp3.internal.http.BridgeInterceptor.intercept(BridgeInterceptor.java:93)
at okhttp3.internal.http.RealInterceptorChain.proceed(RealInterceptorChain.java:147)
at okhttp3.internal.http.RetryAndFollowUpInterceptor.intercept(RetryAndFollowUpInterceptor.java:126)
at okhttp3.internal.http.RealInterceptorChain.proceed(RealInterceptorChain.java:147)
at okhttp3.internal.http.RealInterceptorChain.proceed(RealInterceptorChain.java:121)
at okhttp3.RealCall.getResponseWithInterceptorChain(RealCall.java:200)
at okhttp3.RealCall.execute(RealCall.java:77)
at org.openqa.selenium.remote.internal.OkHttpClient.execute(OkHttpClient.java:103)
at org.openqa.selenium.remote.ProtocolHandshake.createSession(ProtocolHandshake.java:102)
at org.openqa.selenium.remote.ProtocolHandshake.createSession(ProtocolHandshake.java:74)
at org.openqa.selenium.remote.HttpCommandExecutor.execute(HttpCommandExecutor.java:136)
at org.openqa.selenium.remote.RemoteWebDriver.execute(RemoteWebDriver.java:552)
... 27 more
]]>
            </full-stacktrace>
          </exception> <!-- org.openqa.selenium.remote.UnreachableBrowserException -->
          <reporter-output>
          </reporter-output>
        </test-method> <!-- testEasy -->
        <test-method is-config="true" signature="afterTest()[pri:0, instance:NewTest@587d1d39]" started-at="2018-11-08T11:27:27 CET" name="afterTest" finished-at="1970-01-01T01:00:00 CET" duration-ms="-1541672847176" status="SKIP">
          <reporter-output>
          </reporter-output>
        </test-method> <!-- afterTest -->
      </class> <!-- NewTest -->
    </test> <!-- Test -->
  </suite> <!-- Suite -->
</testng-results>
