<?xml version="1.0" encoding="UTF-8"?>
<testng-results ignored="0" total="1" passed="1" failed="0" skipped="0">
  <reporter-output>
  </reporter-output>
  <suite started-at="2018-10-31T14:37:10 CET" name="Suite" finished-at="2018-10-31T14:37:14 CET" duration-ms="3088">
    <groups>
    </groups>
    <test started-at="2018-10-31T14:37:10 CET" name="Test" finished-at="2018-10-31T14:37:14 CET" duration-ms="3088">
      <class name="NewTest">
        <test-method is-config="true" signature="beforeTest()[pri:0, instance:NewTest@351d0846]" started-at="2018-10-31T14:37:10 CET" name="beforeTest" finished-at="2018-10-31T14:37:11 CET" duration-ms="699" status="PASS">
          <reporter-output>
          </reporter-output>
        </test-method> <!-- beforeTest -->
        <test-method signature="testEasy()[pri:0, instance:NewTest@351d0846]" started-at="2018-10-31T14:37:11 CET" name="testEasy" finished-at="2018-10-31T14:37:13 CET" duration-ms="1803" status="PASS">
          <reporter-output>
          </reporter-output>
        </test-method> <!-- testEasy -->
        <test-method is-config="true" signature="afterTest()[pri:0, instance:NewTest@351d0846]" started-at="2018-10-31T14:37:13 CET" name="afterTest" finished-at="2018-10-31T14:37:14 CET" duration-ms="571" status="PASS">
          <reporter-output>
          </reporter-output>
        </test-method> <!-- afterTest -->
      </class> <!-- NewTest -->
    </test> <!-- Test -->
  </suite> <!-- Suite -->
</testng-results>
